2021.01.27 16:19:29 INFO  Started: Metals version 0.9.8 in workspace '/home/trevor/workspace/trevorsibanda/myhustlezw/static/dashboard' for client vscode.
2021.01.27 16:19:31 INFO  time: initialize in 2.18s
2021.01.27 16:19:32 WARN  Build server is not auto-connectable.
2021.01.27 16:19:32 WARN  no build tool detected in workspace '/home/trevor/workspace/trevorsibanda/myhustlezw/static/dashboard'. The most common cause for this problem is that the editor was opened in the wrong working directory, for example if you use sbt then the workspace directory should contain build.sbt. 
2021.01.27 16:19:32 WARN  no build target for: /home/trevor/Downloads/minichain.scala
2021.01.27 16:19:35 INFO  no build target: using presentation compiler with only scala-library
2021.01.28 06:34:20 WARN  no build tool detected in workspace '/home/trevor/workspace/trevorsibanda/myhustlezw/static/dashboard'. The most common cause for this problem is that the editor was opened in the wrong working directory, for example if you use sbt then the workspace directory should contain build.sbt. 
2021.01.30 23:29:08 INFO  Started: Metals version 0.9.8 in workspace '/home/trevor/workspace/trevorsibanda/myhustlezw/static/dashboard' for client vscode.
2021.01.30 23:29:11 INFO  time: initialize in 2.42s
2021.01.30 23:29:15 WARN  Build server is not auto-connectable.
2021.01.30 23:29:15 WARN  no build tool detected in workspace '/home/trevor/workspace/trevorsibanda/myhustlezw/static/dashboard'. The most common cause for this problem is that the editor was opened in the wrong working directory, for example if you use sbt then the workspace directory should contain build.sbt. 
2021.01.30 23:29:15 WARN  no build target for: /home/trevor/Downloads/minichain.scala
2021.01.30 23:29:20 INFO  no build target: using presentation compiler with only scala-library
2021.01.31 09:38:50 INFO  Started: Metals version 0.9.8 in workspace '/home/trevor/workspace/trevorsibanda/myhustlezw/static/dashboard' for client vscode.
2021.01.31 09:38:52 INFO  time: initialize in 2.26s
2021.01.31 09:38:56 WARN  Build server is not auto-connectable.
2021.01.31 09:38:56 WARN  no build tool detected in workspace '/home/trevor/workspace/trevorsibanda/myhustlezw/static/dashboard'. The most common cause for this problem is that the editor was opened in the wrong working directory, for example if you use sbt then the workspace directory should contain build.sbt. 
2021.01.31 09:38:56 WARN  no build target for: /home/trevor/Downloads/minichain.scala
2021.01.31 09:39:03 INFO  no build target: using presentation compiler with only scala-library
2021.01.31 09:41:37 INFO  Started: Metals version 0.9.8 in workspace '/home/trevor/workspace/trevorsibanda/myhustlezw/static/dashboard' for client vscode.
2021.01.31 09:41:40 INFO  time: initialize in 3.18s
2021.01.31 09:41:44 WARN  Build server is not auto-connectable.
2021.01.31 09:41:44 WARN  no build tool detected in workspace '/home/trevor/workspace/trevorsibanda/myhustlezw/static/dashboard'. The most common cause for this problem is that the editor was opened in the wrong working directory, for example if you use sbt then the workspace directory should contain build.sbt. 
2021.01.31 09:41:44 WARN  no build target for: /home/trevor/Downloads/minichain.scala
2021.01.31 09:41:51 INFO  no build target: using presentation compiler with only scala-library
2021.01.31 11:38:02 INFO  Started: Metals version 0.9.8 in workspace '/home/trevor/workspace/trevorsibanda/myhustlezw/static/dashboard' for client vscode.
2021.01.31 11:38:05 INFO  time: initialize in 2.7s
2021.01.31 11:38:09 WARN  Build server is not auto-connectable.
2021.01.31 11:38:09 WARN  no build tool detected in workspace '/home/trevor/workspace/trevorsibanda/myhustlezw/static/dashboard'. The most common cause for this problem is that the editor was opened in the wrong working directory, for example if you use sbt then the workspace directory should contain build.sbt. 
2021.01.31 11:38:09 WARN  no build target for: /home/trevor/Downloads/minichain.scala
2021.01.31 11:38:15 INFO  no build target: using presentation compiler with only scala-library
